info: ::1 - - [23/Feb/2022:02:35:02 +0000] "GET /api/v1/users/login HTTP/1.1" 200 236 "-" "PostmanRuntime/7.29.0"

info: ::1 - - [23/Feb/2022:04:02:12 +0000] "GET /api/v1/users/login HTTP/1.1" 200 236 "-" "PostmanRuntime/7.29.0"

info: ::1 - - [23/Feb/2022:04:02:21 +0000] "GET /api/v1/users/login HTTP/1.1" 500 54 "-" "PostmanRuntime/7.29.0"

info: ::1 - - [23/Feb/2022:04:02:39 +0000] "GET /api/v1/users/login HTTP/1.1" 500 54 "-" "PostmanRuntime/7.29.0"

info: ::1 - - [23/Feb/2022:09:42:32 +0000] "GET /api/v1/users/login HTTP/1.1" 500 54 "-" "PostmanRuntime/7.29.0"

info: ::1 - - [23/Feb/2022:09:42:42 +0000] "GET /api/v1/users/login HTTP/1.1" 200 236 "-" "PostmanRuntime/7.29.0"

info: ::1 - - [23/Feb/2022:16:38:24 +0000] "POST /api/v1/createnote HTTP/1.1" 404 47 "-" "PostmanRuntime/7.29.0"

info: ::1 - - [23/Feb/2022:16:39:34 +0000] "POST /api/v1/note HTTP/1.1" 404 47 "-" "PostmanRuntime/7.29.0"

info: ::1 - - [23/Feb/2022:16:41:00 +0000] "POST /api/v1/createnote HTTP/1.1" 404 47 "-" "PostmanRuntime/7.29.0"

info: ::1 - - [23/Feb/2022:16:43:23 +0000] "POST /api/v1/note/createnote HTTP/1.1" 500 62 "-" "PostmanRuntime/7.29.0"

info: ::1 - - [23/Feb/2022:16:43:40 +0000] "POST /api/v1/note/createnote HTTP/1.1" 500 57 "-" "PostmanRuntime/7.29.0"

info: ::1 - - [23/Feb/2022:16:43:52 +0000] "POST /api/v1/note/createnote HTTP/1.1" 500 139 "-" "PostmanRuntime/7.29.0"

info: ::1 - - [23/Feb/2022:16:45:03 +0000] "POST /api/v1/note/createnote HTTP/1.1" 500 139 "-" "PostmanRuntime/7.29.0"

info: ::1 - - [23/Feb/2022:16:45:14 +0000] "POST /api/v1/note/createnote HTTP/1.1" 500 62 "-" "PostmanRuntime/7.29.0"

info: ::1 - - [23/Feb/2022:16:48:54 +0000] "POST /api/v1/note/createnote HTTP/1.1" 500 57 "-" "PostmanRuntime/7.29.0"

info: ::1 - - [23/Feb/2022:16:49:26 +0000] "POST /api/v1/note/createnote HTTP/1.1" 500 103 "-" "PostmanRuntime/7.29.0"

info: ::1 - - [23/Feb/2022:16:50:42 +0000] "POST /api/v1/note/createnote HTTP/1.1" 201 267 "-" "PostmanRuntime/7.29.0"

info: ::1 - - [23/Feb/2022:16:52:32 +0000] "GET /api/v1/note/?_id=621665e25d0cab319cf7b8ef HTTP/1.1" 404 47 "-" "PostmanRuntime/7.29.0"

info: ::1 - - [23/Feb/2022:16:54:59 +0000] "GET /api/v1/note/getnote?_id=621665e25d0cab319cf7b8ef HTTP/1.1" 200 274 "-" "PostmanRuntime/7.29.0"

info: ::1 - - [23/Feb/2022:16:58:02 +0000] "POST /api/v1/note/createnote HTTP/1.1" 201 266 "-" "PostmanRuntime/7.29.0"

info: ::1 - - [23/Feb/2022:16:59:07 +0000] "GET /api/v1/note/getnote?_id=6216679a5d0cab319cf7b8f3 HTTP/1.1" 200 483 "-" "PostmanRuntime/7.29.0"

info: ::1 - - [23/Feb/2022:17:40:00 +0000] "POST /api/v1/note/createnote HTTP/1.1" 500 59 "-" "PostmanRuntime/7.29.0"

