info: ::1 - - [23/Feb/2022:18:37:43 +0000] "POST /api/v1/note/create HTTP/1.1" 201 276 "-" "PostmanRuntime/7.29.0"

info: ::1 - - [23/Feb/2022:18:38:38 +0000] "GET /api/v1/note/getnote?_id=62167ef7f0f56a3bf8274fc8 HTTP/1.1" 200 702 "-" "PostmanRuntime/7.29.0"

info: ::1 - - [23/Feb/2022:18:40:38 +0000] "POST /api/v1/note/create HTTP/1.1" 500 59 "-" "PostmanRuntime/7.29.0"

info: ::1 - - [23/Feb/2022:18:40:58 +0000] "POST /api/v1/note/create HTTP/1.1" 500 59 "-" "PostmanRuntime/7.29.0"

info: ::1 - - [23/Feb/2022:18:41:13 +0000] "POST /api/v1/note/create HTTP/1.1" 500 59 "-" "PostmanRuntime/7.29.0"

info: ::1 - - [24/Feb/2022:02:27:55 +0000] "GET /api/v1/note/getnote HTTP/1.1" 200 702 "-" "PostmanRuntime/7.29.0"

info: ::1 - - [24/Feb/2022:02:28:39 +0000] "GET /api/v1/note/?_id=621665e25d0cab319cf7b8ef HTTP/1.1" 404 47 "-" "PostmanRuntime/7.29.0"

info: ::1 - - [24/Feb/2022:02:28:53 +0000] "GET /api/v1/note/?:_id=621665e25d0cab319cf7b8ef HTTP/1.1" 404 47 "-" "PostmanRuntime/7.29.0"

info: ::1 - - [24/Feb/2022:02:29:10 +0000] "GET /api/v1/note/ HTTP/1.1" 404 47 "-" "PostmanRuntime/7.29.0"

info: ::1 - - [24/Feb/2022:05:44:55 +0000] "GET /api/v1/note/getnote HTTP/1.1" 200 65 "-" "PostmanRuntime/7.29.0"

info: ::1 - - [24/Feb/2022:05:52:32 +0000] "GET /api/v1/note HTTP/1.1" 404 47 "-" "PostmanRuntime/7.29.0"

info: ::1 - - [24/Feb/2022:05:53:02 +0000] "GET /api/v1/note/getnote HTTP/1.1" 200 65 "-" "PostmanRuntime/7.29.0"

info: ::1 - - [24/Feb/2022:05:55:07 +0000] "GET /api/v1/note HTTP/1.1" 200 65 "-" "PostmanRuntime/7.29.0"

info: ::1 - - [24/Feb/2022:06:00:17 +0000] "GET /api/v1/note/getnote HTTP/1.1" 200 65 "-" "PostmanRuntime/7.29.0"

info: ::1 - - [24/Feb/2022:06:02:41 +0000] "POST /api/v1/note/create HTTP/1.1" 201 283 "-" "PostmanRuntime/7.29.0"

info: ::1 - - [24/Feb/2022:06:03:24 +0000] "POST /api/v1/note/create HTTP/1.1" 201 282 "-" "PostmanRuntime/7.29.0"

info: ::1 - - [24/Feb/2022:06:04:00 +0000] "GET /api/v1/note/getnote HTTP/1.1" 200 501 "-" "PostmanRuntime/7.29.0"

info: ::1 - - [24/Feb/2022:06:05:03 +0000] "GET /api/v1/note/?_id=62171f815256a623e8529f5c HTTP/1.1" 404 47 "-" "PostmanRuntime/7.29.0"

info: ::1 - - [24/Feb/2022:06:06:13 +0000] "POST /api/v1/note/create HTTP/1.1" 500 59 "-" "PostmanRuntime/7.29.0"

info: ::1 - - [24/Feb/2022:06:06:44 +0000] "POST /api/v1/note/create HTTP/1.1" 201 267 "-" "PostmanRuntime/7.29.0"

info: ::1 - - [24/Feb/2022:06:07:31 +0000] "GET /api/v1/note?_id=621720745256a623e8529f64 HTTP/1.1" 404 47 "-" "PostmanRuntime/7.29.0"

info: ::1 - - [24/Feb/2022:06:07:48 +0000] "GET /api/v1/note/?_id=621720745256a623e8529f64 HTTP/1.1" 404 47 "-" "PostmanRuntime/7.29.0"

info: ::1 - - [24/Feb/2022:06:09:25 +0000] "GET /api/v1/note/_id?=621720745256a623e8529f64 HTTP/1.1" 200 62 "-" "PostmanRuntime/7.29.0"

info: ::1 - - [24/Feb/2022:06:11:48 +0000] "GET /api/v1/note/_id?=621720745256a623e8529f64 HTTP/1.1" 200 62 "-" "PostmanRuntime/7.29.0"

info: ::1 - - [24/Feb/2022:06:17:20 +0000] "GET /api/v1/note/_id?=621720745256a623e8529f64 HTTP/1.1" 200 62 "-" "PostmanRuntime/7.29.0"

info: ::1 - - [24/Feb/2022:06:20:56 +0000] "GET /api/v1/note/getnote HTTP/1.1" 200 704 "-" "PostmanRuntime/7.29.0"

info: ::1 - - [24/Feb/2022:10:49:17 +0000] "GET /api/v1/note/getnote HTTP/1.1" 200 704 "-" "PostmanRuntime/7.29.0"

info: ::1 - - [24/Feb/2022:16:08:45 +0000] "GET /api/v1/users/login HTTP/1.1" 500 54 "-" "PostmanRuntime/7.29.0"

info: ::1 - - [24/Feb/2022:16:08:54 +0000] "GET /api/v1/users/login HTTP/1.1" 500 60 "-" "PostmanRuntime/7.29.0"

info: ::1 - - [24/Feb/2022:16:12:59 +0000] "POST /api/v1/users/userregister HTTP/1.1" 201 325 "-" "PostmanRuntime/7.29.0"

info: ::1 - - [24/Feb/2022:16:13:55 +0000] "GET /api/v1/users/login HTTP/1.1" 500 60 "-" "PostmanRuntime/7.29.0"

info: ::1 - - [24/Feb/2022:16:33:11 +0000] "GET /api/v1/users/login HTTP/1.1" 200 237 "-" "PostmanRuntime/7.29.0"

info: ::1 - - [24/Feb/2022:17:38:39 +0000] "POST /api/v1/note/create HTTP/1.1" 500 76 "-" "PostmanRuntime/7.29.0"

info: ::1 - - [24/Feb/2022:17:41:10 +0000] "POST /api/v1/note/create HTTP/1.1" 500 76 "-" "PostmanRuntime/7.29.0"

info: ::1 - - [24/Feb/2022:17:44:20 +0000] "POST /api/v1/note/create HTTP/1.1" 500 76 "-" "PostmanRuntime/7.29.0"

info: ::1 - - [24/Feb/2022:17:45:46 +0000] "POST /api/v1/note/create HTTP/1.1" 201 283 "-" "PostmanRuntime/7.29.0"

info: ::1 - - [24/Feb/2022:17:46:52 +0000] "POST /api/v1/note HTTP/1.1" 500 59 "-" "PostmanRuntime/7.29.0"

info: ::1 - - [24/Feb/2022:17:47:23 +0000] "POST /api/v1/note HTTP/1.1" 201 286 "-" "PostmanRuntime/7.29.0"

info: ::1 - - [24/Feb/2022:18:19:35 +0000] "POST /api/v1/note HTTP/1.1" 201 280 "-" "PostmanRuntime/7.29.0"

info: ::1 - - [24/Feb/2022:18:20:15 +0000] "GET /api/v1/users/login HTTP/1.1" 200 236 "-" "PostmanRuntime/7.29.0"

