info: ::1 - - [24/Feb/2022:19:03:10 +0000] "GET /api/v1/note HTTP/1.1" 404 47 "-" "PostmanRuntime/7.29.0"

info: ::1 - - [25/Feb/2022:04:34:22 +0000] "GET /api/v1/users/login HTTP/1.1" 200 236 "-" "PostmanRuntime/7.29.0"

info: ::1 - - [25/Feb/2022:04:35:38 +0000] "POST /api/v1/note HTTP/1.1" 400 61 "-" "PostmanRuntime/7.29.0"

info: ::1 - - [25/Feb/2022:04:37:44 +0000] "POST /api/v1/note HTTP/1.1" 400 61 "-" "PostmanRuntime/7.29.0"

info: ::1 - - [25/Feb/2022:04:39:29 +0000] "GET /api/v1/users/login HTTP/1.1" 200 236 "-" "PostmanRuntime/7.29.0"

info: ::1 - - [25/Feb/2022:04:40:06 +0000] "POST /api/v1/note HTTP/1.1" 201 305 "-" "PostmanRuntime/7.29.0"

info: ::1 - - [25/Feb/2022:10:07:31 +0000] "GET /api/v1/note HTTP/1.1" 200 1602 "-" "PostmanRuntime/7.29.0"

info: ::1 - - [25/Feb/2022:10:08:41 +0000] "GET /api/v1/note/byId?_id=62171f815256a623e8529f5c HTTP/1.1" 200 62 "-" "PostmanRuntime/7.29.0"

info: ::1 - - [25/Feb/2022:10:10:19 +0000] "GET /api/v1/note/byId?byId=62171f815256a623e8529f5c HTTP/1.1" 200 62 "-" "PostmanRuntime/7.29.0"

info: ::1 - - [25/Feb/2022:10:10:58 +0000] "GET /api/v1/note/?byId=62171f815256a623e8529f5c HTTP/1.1" 200 1602 "-" "PostmanRuntime/7.29.0"

info: ::1 - - [25/Feb/2022:10:15:54 +0000] "GET /api/v1/note/?byId=62171f815256a623e8529f5c HTTP/1.1" 200 1602 "-" "PostmanRuntime/7.29.0"

info: ::1 - - [25/Feb/2022:10:16:10 +0000] "GET /api/v1/note/?_id=62171f815256a623e8529f5c HTTP/1.1" 200 1602 "-" "PostmanRuntime/7.29.0"

info: ::1 - - [25/Feb/2022:10:16:42 +0000] "GET /api/v1/note/?_id=6217c44a8cca5a35d89ca042 HTTP/1.1" 200 1602 "-" "PostmanRuntime/7.29.0"

info: ::1 - - [25/Feb/2022:10:17:31 +0000] "GET /api/v1/note/?_id=6217c44a8cca5a35d89ca042&_id=62171f815256a623e8529f5c HTTP/1.1" 200 1602 "-" "PostmanRuntime/7.29.0"

info: ::1 - - [25/Feb/2022:10:20:12 +0000] "GET /api/v1/note HTTP/1.1" 200 1602 "-" "PostmanRuntime/7.29.0"

info: ::1 - - [25/Feb/2022:10:21:30 +0000] "GET /api/v1/note/byId?_id=62171f815256a623e8529f5c HTTP/1.1" 200 62 "-" "PostmanRuntime/7.29.0"

info: ::1 - - [25/Feb/2022:10:27:52 +0000] "GET /api/v1/note/byId?_id=62171f815256a623e8529f5c HTTP/1.1" 200 62 "-" "PostmanRuntime/7.29.0"

info: ::1 - - [25/Feb/2022:10:49:22 +0000] "POST /api/v1/note HTTP/1.1" 201 298 "-" "PostmanRuntime/7.29.0"

info: ::1 - - [25/Feb/2022:10:49:37 +0000] "POST /api/v1/note HTTP/1.1" 201 298 "-" "PostmanRuntime/7.29.0"

info: ::1 - - [25/Feb/2022:10:50:33 +0000] "POST /api/v1/note HTTP/1.1" 500 53 "-" "PostmanRuntime/7.29.0"

info: ::1 - - [25/Feb/2022:10:51:12 +0000] "POST /api/v1/note HTTP/1.1" 500 53 "-" "PostmanRuntime/7.29.0"

info: ::1 - - [25/Feb/2022:10:51:41 +0000] "POST /api/v1/note HTTP/1.1" 500 53 "-" "PostmanRuntime/7.29.0"

info: ::1 - - [25/Feb/2022:10:52:36 +0000] "POST /api/v1/note HTTP/1.1" 201 283 "-" "PostmanRuntime/7.29.0"

info: ::1 - - [25/Feb/2022:10:52:40 +0000] "POST /api/v1/note HTTP/1.1" 201 283 "-" "PostmanRuntime/7.29.0"

info: ::1 - - [25/Feb/2022:10:54:02 +0000] "GET /api/v1/note HTTP/1.1" 200 3200 "-" "PostmanRuntime/7.29.0"

info: ::1 - - [25/Feb/2022:10:55:17 +0000] "GET /api/v1/note/byId?_id=62171f815256a623e8529f5c HTTP/1.1" 200 64 "-" "PostmanRuntime/7.29.0"

info: ::1 - - [25/Feb/2022:11:13:14 +0000] "PUT /api/v1/note/byId?_id=6218b4f8eeeb061b74008655 HTTP/1.1" 500 140 "-" "PostmanRuntime/7.29.0"

info: ::1 - - [25/Feb/2022:11:14:22 +0000] "PUT /api/v1/note/6218b4f8eeeb061b74008655 HTTP/1.1" 404 47 "-" "PostmanRuntime/7.29.0"

info: ::1 - - [25/Feb/2022:11:14:43 +0000] "PUT /api/v1/note/byId/6218b4f8eeeb061b74008655 HTTP/1.1" 404 47 "-" "PostmanRuntime/7.29.0"

info: ::1 - - [25/Feb/2022:11:17:55 +0000] "PUT /api/v1/note/6218b4f8eeeb061b74008655 HTTP/1.1" 500 140 "-" "PostmanRuntime/7.29.0"

info: ::1 - - [25/Feb/2022:11:20:24 +0000] "PUT /api/v1/note?_id=6218b4f8eeeb061b74008655 HTTP/1.1" 404 47 "-" "PostmanRuntime/7.29.0"

info: ::1 - - [25/Feb/2022:11:20:57 +0000] "PUT /api/v1/note/6218b4f8eeeb061b74008655 HTTP/1.1" 500 140 "-" "PostmanRuntime/7.29.0"

info: ::1 - - [25/Feb/2022:11:23:52 +0000] "PUT /api/v1/note/6218b4f8eeeb061b74008655 HTTP/1.1" 200 274 "-" "PostmanRuntime/7.29.0"

info: ::1 - - [25/Feb/2022:11:28:00 +0000] "GET /api/v1/note/6218b4f8eeeb061b74008655 HTTP/1.1" 200 276 "-" "PostmanRuntime/7.29.0"

