info: Server started at http://localhost:3000/api/v1/ {"timestamp":"2022-02-21T04:11:01.656Z"}
info: Connected to the database. {"timestamp":"2022-02-21T04:11:06.643Z"}
info: Server started at http://localhost:3000/api/v1/ {"timestamp":"2022-02-21T04:18:27.148Z"}
info: Connected to the database. {"timestamp":"2022-02-21T04:18:32.665Z"}
info: Server started at http://localhost:3000/api/v1/ {"timestamp":"2022-02-21T07:54:21.130Z"}
info: Connected to the database. {"timestamp":"2022-02-21T07:54:21.538Z"}
info: Server started at http://localhost:3000/api/v1/ {"timestamp":"2022-02-21T08:15:42.735Z"}
info: Connected to the database. {"timestamp":"2022-02-21T08:15:42.788Z"}
info: Server started at http://localhost:3000/api/v1/ {"timestamp":"2022-02-21T10:57:01.480Z"}
info: Connected to the database. {"timestamp":"2022-02-21T10:57:01.538Z"}
info: Server started at http://localhost:3000/api/v1/ {"timestamp":"2022-02-21T11:05:58.988Z"}
info: Connected to the database. {"timestamp":"2022-02-21T11:05:59.067Z"}
info: Server started at http://localhost:3000/api/v1/ {"timestamp":"2022-02-21T16:18:59.747Z"}
info: Connected to the database. {"timestamp":"2022-02-21T16:18:59.819Z"}
info: Server started at http://localhost:3000/api/v1/ {"timestamp":"2022-02-21T16:34:56.858Z"}
info: Connected to the database. {"timestamp":"2022-02-21T16:34:56.933Z"}
info: Server started at http://localhost:3000/api/v1/ {"timestamp":"2022-02-21T16:42:56.871Z"}
info: Connected to the database. {"timestamp":"2022-02-21T16:42:56.911Z"}
error: 
      status - 400
      message - Authorization token is required 
      url - /api/v1/users/userregister 
      method - GET 
      IP - ::1
     {"timestamp":"2022-02-21T16:45:05.627Z"}
error: 
      status - 400
      message - Authorization token is required 
      url - /api/v1/users/userregister 
      method - GET 
      IP - ::1
     {"timestamp":"2022-02-21T16:46:01.483Z"}
error: 
      status - 11000
      message - E11000 duplicate key error collection: user.users index: email_1 dup key: { email: "vishnu@gamail.com" } 
      url - /api/v1/users/userregister 
      method - POST 
      IP - ::1
     {"timestamp":"2022-02-21T16:46:23.641Z"}
error: 
    status - 500 
    message - RangeError [ERR_HTTP_INVALID_STATUS_CODE]: Invalid status code: 11000
    at new NodeError (node:internal/errors:371:5)
    at ServerResponse.writeHead (node:_http_server:274:11)
    at ServerResponse.writeHead (C:\Users\VISHNU SATHEESH\Project\Fundoo-Notes\node_modules\on-headers\index.js:44:26)
    at ServerResponse._implicitHeader (node:_http_server:265:8)
    at write_ (node:_http_outgoing:766:9)
    at ServerResponse.end (node:_http_outgoing:855:5)
    at ServerResponse.send (C:\Users\VISHNU SATHEESH\Project\Fundoo-Notes\node_modules\express\lib\response.js:221:10)
    at ServerResponse.json (C:\Users\VISHNU SATHEESH\Project\Fundoo-Notes\node_modules\express\lib\response.js:267:15)
    at appErrorHandler (C:\Users\VISHNU SATHEESH\Project\Fundoo-Notes\build\middlewares\error.middleware.js:43:26)
    at Layer.handle_error (C:\Users\VISHNU SATHEESH\Project\Fundoo-Notes\node_modules\express\lib\router\layer.js:71:5)
    at trim_prefix (C:\Users\VISHNU SATHEESH\Project\Fundoo-Notes\node_modules\express\lib\router\index.js:321:13)
    at C:\Users\VISHNU SATHEESH\Project\Fundoo-Notes\node_modules\express\lib\router\index.js:284:7
    at Function.process_params (C:\Users\VISHNU SATHEESH\Project\Fundoo-Notes\node_modules\express\lib\router\index.js:341:12)
    at Immediate.next (C:\Users\VISHNU SATHEESH\Project\Fundoo-Notes\node_modules\express\lib\router\index.js:275:10)
    at Immediate._onImmediate (C:\Users\VISHNU SATHEESH\Project\Fundoo-Notes\node_modules\express\lib\router\index.js:641:15)
    at processImmediate (node:internal/timers:466:21) 
    url - /api/v1/users/userregister 
    method - POST 
    IP - ::1
   {"timestamp":"2022-02-21T16:46:23.652Z"}
error: 
      status - 400
      message - Authorization token is required 
      url - /api/v1/users/userregister 
      method - GET 
      IP - ::1
     {"timestamp":"2022-02-21T16:46:48.783Z"}
error: 
      status - 400
      message - Authorization token is required 
      url - /api/v1/users/userregister 
      method - GET 
      IP - ::1
     {"timestamp":"2022-02-21T16:47:00.889Z"}
error: 
      status - 11000
      message - E11000 duplicate key error collection: user.users index: email_1 dup key: { email: "vishnu@gamail.com" } 
      url - /api/v1/users/userregister 
      method - POST 
      IP - ::1
     {"timestamp":"2022-02-21T16:51:28.749Z"}
error: 
    status - 500 
    message - RangeError [ERR_HTTP_INVALID_STATUS_CODE]: Invalid status code: 11000
    at new NodeError (node:internal/errors:371:5)
    at ServerResponse.writeHead (node:_http_server:274:11)
    at ServerResponse.writeHead (C:\Users\VISHNU SATHEESH\Project\Fundoo-Notes\node_modules\on-headers\index.js:44:26)
    at ServerResponse._implicitHeader (node:_http_server:265:8)
    at write_ (node:_http_outgoing:766:9)
    at ServerResponse.end (node:_http_outgoing:855:5)
    at ServerResponse.send (C:\Users\VISHNU SATHEESH\Project\Fundoo-Notes\node_modules\express\lib\response.js:221:10)
    at ServerResponse.json (C:\Users\VISHNU SATHEESH\Project\Fundoo-Notes\node_modules\express\lib\response.js:267:15)
    at appErrorHandler (C:\Users\VISHNU SATHEESH\Project\Fundoo-Notes\build\middlewares\error.middleware.js:43:26)
    at Layer.handle_error (C:\Users\VISHNU SATHEESH\Project\Fundoo-Notes\node_modules\express\lib\router\layer.js:71:5)
    at trim_prefix (C:\Users\VISHNU SATHEESH\Project\Fundoo-Notes\node_modules\express\lib\router\index.js:321:13)
    at C:\Users\VISHNU SATHEESH\Project\Fundoo-Notes\node_modules\express\lib\router\index.js:284:7
    at Function.process_params (C:\Users\VISHNU SATHEESH\Project\Fundoo-Notes\node_modules\express\lib\router\index.js:341:12)
    at Immediate.next (C:\Users\VISHNU SATHEESH\Project\Fundoo-Notes\node_modules\express\lib\router\index.js:275:10)
    at Immediate._onImmediate (C:\Users\VISHNU SATHEESH\Project\Fundoo-Notes\node_modules\express\lib\router\index.js:641:15)
    at processImmediate (node:internal/timers:466:21) 
    url - /api/v1/users/userregister 
    method - POST 
    IP - ::1
   {"timestamp":"2022-02-21T16:51:28.753Z"}
