info: Server started at http://localhost:3000/api/v1/ {"timestamp":"2022-02-23T02:33:16.846Z"}
info: Connected to the database. {"timestamp":"2022-02-23T02:33:16.895Z"}
error: 
    status - 500 
    message - Error: User does not exist
    at _callee3$ (C:\Users\VISHNU SATHEESH\Project\Fundoo-Notes\src\services\/user.service.js:24:11)
    at tryCatch (C:\Users\VISHNU SATHEESH\Project\Fundoo-Notes\node_modules\regenerator-runtime\runtime.js:63:40)
    at Generator.invoke [as _invoke] (C:\Users\VISHNU SATHEESH\Project\Fundoo-Notes\node_modules\regenerator-runtime\runtime.js:294:22)
    at Generator.next (C:\Users\VISHNU SATHEESH\Project\Fundoo-Notes\node_modules\regenerator-runtime\runtime.js:119:21)
    at asyncGeneratorStep (C:\Users\VISHNU SATHEESH\Project\Fundoo-Notes\node_modules\@babel\runtime\helpers\asyncToGenerator.js:3:24)
    at _next (C:\Users\VISHNU SATHEESH\Project\Fundoo-Notes\node_modules\@babel\runtime\helpers\asyncToGenerator.js:25:9)
    at runMicrotasks (<anonymous>)
    at processTicksAndRejections (node:internal/process/task_queues:96:5) 
    url - /api/v1/users/login 
    method - GET 
    IP - ::1
   {"timestamp":"2022-02-23T04:02:21.790Z"}
error: 
    status - 500 
    message - Error: password is invalid
    at _callee3$ (C:\Users\VISHNU SATHEESH\Project\Fundoo-Notes\src\services\/user.service.js:35:13)
    at tryCatch (C:\Users\VISHNU SATHEESH\Project\Fundoo-Notes\node_modules\regenerator-runtime\runtime.js:63:40)
    at Generator.invoke [as _invoke] (C:\Users\VISHNU SATHEESH\Project\Fundoo-Notes\node_modules\regenerator-runtime\runtime.js:294:22)
    at Generator.next (C:\Users\VISHNU SATHEESH\Project\Fundoo-Notes\node_modules\regenerator-runtime\runtime.js:119:21)
    at asyncGeneratorStep (C:\Users\VISHNU SATHEESH\Project\Fundoo-Notes\node_modules\@babel\runtime\helpers\asyncToGenerator.js:3:24)
    at _next (C:\Users\VISHNU SATHEESH\Project\Fundoo-Notes\node_modules\@babel\runtime\helpers\asyncToGenerator.js:25:9)
    at runMicrotasks (<anonymous>)
    at processTicksAndRejections (node:internal/process/task_queues:96:5) 
    url - /api/v1/users/login 
    method - GET 
    IP - ::1
   {"timestamp":"2022-02-23T04:02:39.262Z"}
