info: ::ffff:127.0.0.1 - - [19/Feb/2022:03:31:54 +0000] "POST /api/v1/ HTTP/1.1" 404 47 "-" "Thunder Client (https://www.thunderclient.com)"

info: ::1 - - [19/Feb/2022:03:33:20 +0000] "POST /api/v1/ HTTP/1.1" 404 47 "-" "PostmanRuntime/7.29.0"

info: ::1 - - [19/Feb/2022:03:34:17 +0000] "POST /api/v1/users HTTP/1.1" 500 55 "-" "PostmanRuntime/7.29.0"

info: ::1 - - [19/Feb/2022:03:39:39 +0000] "POST /api/v1/users HTTP/1.1" 500 55 "-" "PostmanRuntime/7.29.0"

info: ::1 - - [21/Feb/2022:08:17:04 +0000] "GET /api/v1/%20 HTTP/1.1" 404 47 "-" "PostmanRuntime/7.29.0"

info: ::1 - - [21/Feb/2022:08:18:00 +0000] "GET /api/v1 HTTP/1.1" 200 9 "-" "PostmanRuntime/7.29.0"

info: ::1 - - [21/Feb/2022:08:20:18 +0000] "POST /api/v1/user HTTP/1.1" 404 47 "-" "PostmanRuntime/7.29.0"

info: ::1 - - [21/Feb/2022:08:20:45 +0000] "POST /api/v1/users HTTP/1.1" 404 47 "-" "PostmanRuntime/7.29.0"

info: ::1 - - [21/Feb/2022:08:22:42 +0000] "POST /api/v1/users HTTP/1.1" 404 47 "-" "PostmanRuntime/7.29.0"

info: ::1 - - [21/Feb/2022:08:22:48 +0000] "POST /api/v1/user HTTP/1.1" 404 47 "-" "PostmanRuntime/7.29.0"

info: ::1 - - [21/Feb/2022:08:24:18 +0000] "POST /api/v1/user HTTP/1.1" 404 47 "-" "PostmanRuntime/7.29.0"

info: ::1 - - [21/Feb/2022:08:26:04 +0000] "POST /api/v1/users HTTP/1.1" 404 47 "-" "PostmanRuntime/7.29.0"

info: ::1 - - [21/Feb/2022:08:27:56 +0000] "POST /api/v1/userregister HTTP/1.1" 404 47 "-" "PostmanRuntime/7.29.0"

info: ::1 - - [21/Feb/2022:08:30:32 +0000] "POST /api/v1//users HTTP/1.1" 404 47 "-" "PostmanRuntime/7.29.0"

info: ::1 - - [21/Feb/2022:08:30:39 +0000] "POST /api/v1/users HTTP/1.1" 404 47 "-" "PostmanRuntime/7.29.0"

info: ::1 - - [21/Feb/2022:08:30:46 +0000] "POST /api/v1/user HTTP/1.1" 404 47 "-" "PostmanRuntime/7.29.0"

info: ::1 - - [21/Feb/2022:08:31:54 +0000] "POST /api/v1/userregister HTTP/1.1" 404 47 "-" "PostmanRuntime/7.29.0"

info: ::ffff:127.0.0.1 - - [21/Feb/2022:08:33:37 +0000] "POST /api/v1/ HTTP/1.1" 404 47 "-" "Thunder Client (https://www.thunderclient.com)"

info: ::ffff:127.0.0.1 - - [21/Feb/2022:08:33:47 +0000] "POST /api/v1 HTTP/1.1" 404 47 "-" "Thunder Client (https://www.thunderclient.com)"

info: ::ffff:127.0.0.1 - - [21/Feb/2022:08:33:53 +0000] "GET /api/v1 HTTP/1.1" 200 9 "-" "Thunder Client (https://www.thunderclient.com)"

info: ::ffff:127.0.0.1 - - [21/Feb/2022:08:34:43 +0000] "POST /api/v1/user HTTP/1.1" 404 47 "-" "Thunder Client (https://www.thunderclient.com)"

info: ::ffff:127.0.0.1 - - [21/Feb/2022:10:58:04 +0000] "GET /api/v1 HTTP/1.1" 200 9 "-" "Thunder Client (https://www.thunderclient.com)"

info: ::ffff:127.0.0.1 - - [21/Feb/2022:11:00:02 +0000] "GET /api/v1/user/userregister HTTP/1.1" 404 47 "-" "Thunder Client (https://www.thunderclient.com)"

info: ::1 - - [21/Feb/2022:11:07:35 +0000] "POST /api/v1/users/userregister HTTP/1.1" 201 271 "-" "PostmanRuntime/7.29.0"

info: ::1 - - [21/Feb/2022:16:45:05 +0000] "GET /api/v1/users/userregister HTTP/1.1" 400 56 "-" "PostmanRuntime/7.29.0"

info: ::1 - - [21/Feb/2022:16:46:01 +0000] "GET /api/v1/users/userregister HTTP/1.1" 400 56 "-" "PostmanRuntime/7.29.0"

info: ::1 - - [21/Feb/2022:16:46:23 +0000] "POST /api/v1/users/userregister HTTP/1.1" 500 61 "-" "PostmanRuntime/7.29.0"

info: ::1 - - [21/Feb/2022:16:46:48 +0000] "GET /api/v1/users/userregister HTTP/1.1" 400 56 "-" "PostmanRuntime/7.29.0"

info: ::1 - - [21/Feb/2022:16:47:00 +0000] "GET /api/v1/users/userregister HTTP/1.1" 400 56 "-" "PostmanRuntime/7.29.0"

info: ::1 - - [21/Feb/2022:16:51:28 +0000] "POST /api/v1/users/userregister HTTP/1.1" 500 61 "-" "PostmanRuntime/7.29.0"

info: ::1 - - [21/Feb/2022:17:09:18 +0000] "POST /api/v1/users/userregister HTTP/1.1" 201 321 "-" "PostmanRuntime/7.29.0"

info: ::1 - - [22/Feb/2022:03:04:17 +0000] "POST /api/v1/users/userregister HTTP/1.1" 201 321 "-" "PostmanRuntime/7.29.0"

info: ::1 - - [22/Feb/2022:04:44:51 +0000] "GET /api/v1/users/login HTTP/1.1" 500 57 "-" "PostmanRuntime/7.29.0"

info: ::1 - - [22/Feb/2022:04:45:07 +0000] "POST /api/v1/users/login HTTP/1.1" 404 47 "-" "PostmanRuntime/7.29.0"

info: ::1 - - [22/Feb/2022:04:45:22 +0000] "GET /api/v1/users/login HTTP/1.1" 500 57 "-" "PostmanRuntime/7.29.0"

info: ::1 - - [22/Feb/2022:04:46:32 +0000] "GET /api/v1/user/login HTTP/1.1" 404 47 "-" "PostmanRuntime/7.29.0"

info: ::1 - - [22/Feb/2022:04:47:00 +0000] "GET /api/v1/users/login HTTP/1.1" 500 54 "-" "PostmanRuntime/7.29.0"

info: ::1 - - [22/Feb/2022:04:47:14 +0000] "GET /api/v1/users/login HTTP/1.1" 500 57 "-" "PostmanRuntime/7.29.0"

info: ::1 - - [22/Feb/2022:05:01:04 +0000] "GET /api/v1/users/login HTTP/1.1" 500 90 "-" "PostmanRuntime/7.29.0"

info: ::1 - - [22/Feb/2022:05:02:47 +0000] "GET /api/v1/users/login HTTP/1.1" 500 57 "-" "PostmanRuntime/7.29.0"

info: ::1 - - [22/Feb/2022:05:19:16 +0000] "POST /api/v1/users/userregister HTTP/1.1" 201 325 "-" "PostmanRuntime/7.29.0"

info: ::1 - - [22/Feb/2022:05:20:09 +0000] "GET /api/v1/users/login HTTP/1.1" 500 57 "-" "PostmanRuntime/7.29.0"

info: ::1 - - [22/Feb/2022:05:32:39 +0000] "GET /api/v1/users/login HTTP/1.1" 200 237 "-" "PostmanRuntime/7.29.0"

info: ::1 - - [22/Feb/2022:11:07:52 +0000] "GET /api/v1/users/login HTTP/1.1" 200 237 "-" "PostmanRuntime/7.29.0"

info: ::1 - - [22/Feb/2022:11:14:29 +0000] "GET /api/v1/users/login HTTP/1.1" 200 236 "-" "PostmanRuntime/7.29.0"

info: ::1 - - [22/Feb/2022:11:15:00 +0000] "GET /api/v1/users/login HTTP/1.1" 200 236 "-" "PostmanRuntime/7.29.0"

info: ::1 - - [22/Feb/2022:11:15:15 +0000] "GET /api/v1/users/login HTTP/1.1" 500 54 "-" "PostmanRuntime/7.29.0"

info: ::1 - - [22/Feb/2022:11:15:32 +0000] "GET /api/v1/users/login HTTP/1.1" 200 236 "-" "PostmanRuntime/7.29.0"

info: ::1 - - [22/Feb/2022:11:17:06 +0000] "GET /api/v1/users/login HTTP/1.1" 500 54 "-" "PostmanRuntime/7.29.0"

info: ::1 - - [22/Feb/2022:11:17:24 +0000] "GET /api/v1/users/login HTTP/1.1" 200 236 "-" "PostmanRuntime/7.29.0"

info: ::1 - - [22/Feb/2022:11:18:38 +0000] "GET /api/v1/users/login HTTP/1.1" 200 292 "-" "PostmanRuntime/7.29.0"

info: ::1 - - [22/Feb/2022:11:18:55 +0000] "GET /api/v1/users/login HTTP/1.1" 200 292 "-" "PostmanRuntime/7.29.0"

info: ::1 - - [22/Feb/2022:11:26:09 +0000] "GET /api/v1/users/login HTTP/1.1" 200 236 "-" "PostmanRuntime/7.29.0"

info: ::1 - - [22/Feb/2022:11:26:30 +0000] "GET /api/v1/users/login HTTP/1.1" 200 236 "-" "PostmanRuntime/7.29.0"

info: ::1 - - [22/Feb/2022:11:28:20 +0000] "GET /api/v1/users/login HTTP/1.1" 200 236 "-" "PostmanRuntime/7.29.0"

info: ::1 - - [22/Feb/2022:11:29:33 +0000] "GET /api/v1/users/login HTTP/1.1" 200 42 "-" "PostmanRuntime/7.29.0"

info: ::1 - - [22/Feb/2022:11:31:16 +0000] "GET /api/v1/users/login HTTP/1.1" 500 55 "-" "PostmanRuntime/7.29.0"

info: ::1 - - [22/Feb/2022:11:31:29 +0000] "GET /api/v1/users/login HTTP/1.1" 200 236 "-" "PostmanRuntime/7.29.0"

info: ::1 - - [22/Feb/2022:11:31:37 +0000] "GET /api/v1/users/login HTTP/1.1" 500 55 "-" "PostmanRuntime/7.29.0"

info: ::1 - - [22/Feb/2022:11:32:47 +0000] "GET /api/v1/users/login HTTP/1.1" 500 54 "-" "PostmanRuntime/7.29.0"

info: ::1 - - [22/Feb/2022:11:32:57 +0000] "GET /api/v1/users/login HTTP/1.1" 200 236 "-" "PostmanRuntime/7.29.0"

info: ::1 - - [22/Feb/2022:11:43:13 +0000] "GET /api/v1/users/login HTTP/1.1" 200 236 "-" "PostmanRuntime/7.29.0"

info: ::1 - - [22/Feb/2022:11:43:22 +0000] "GET /api/v1/users/login HTTP/1.1" 500 54 "-" "PostmanRuntime/7.29.0"

info: ::1 - - [22/Feb/2022:17:24:56 +0000] "GET /api/v1/users/login HTTP/1.1" 200 236 "-" "PostmanRuntime/7.29.0"

info: ::1 - - [23/Feb/2022:02:35:02 +0000] "GET /api/v1/users/login HTTP/1.1" 200 236 "-" "PostmanRuntime/7.29.0"

info: ::1 - - [23/Feb/2022:04:02:12 +0000] "GET /api/v1/users/login HTTP/1.1" 200 236 "-" "PostmanRuntime/7.29.0"

info: ::1 - - [23/Feb/2022:04:02:21 +0000] "GET /api/v1/users/login HTTP/1.1" 500 54 "-" "PostmanRuntime/7.29.0"

info: ::1 - - [23/Feb/2022:04:02:39 +0000] "GET /api/v1/users/login HTTP/1.1" 500 54 "-" "PostmanRuntime/7.29.0"

info: ::1 - - [23/Feb/2022:09:42:32 +0000] "GET /api/v1/users/login HTTP/1.1" 500 54 "-" "PostmanRuntime/7.29.0"

info: ::1 - - [23/Feb/2022:09:42:42 +0000] "GET /api/v1/users/login HTTP/1.1" 200 236 "-" "PostmanRuntime/7.29.0"

info: ::1 - - [23/Feb/2022:16:38:24 +0000] "POST /api/v1/createnote HTTP/1.1" 404 47 "-" "PostmanRuntime/7.29.0"

info: ::1 - - [23/Feb/2022:16:39:34 +0000] "POST /api/v1/note HTTP/1.1" 404 47 "-" "PostmanRuntime/7.29.0"

info: ::1 - - [23/Feb/2022:16:41:00 +0000] "POST /api/v1/createnote HTTP/1.1" 404 47 "-" "PostmanRuntime/7.29.0"

info: ::1 - - [23/Feb/2022:16:43:23 +0000] "POST /api/v1/note/createnote HTTP/1.1" 500 62 "-" "PostmanRuntime/7.29.0"

info: ::1 - - [23/Feb/2022:16:43:40 +0000] "POST /api/v1/note/createnote HTTP/1.1" 500 57 "-" "PostmanRuntime/7.29.0"

info: ::1 - - [23/Feb/2022:16:43:52 +0000] "POST /api/v1/note/createnote HTTP/1.1" 500 139 "-" "PostmanRuntime/7.29.0"

info: ::1 - - [23/Feb/2022:16:45:03 +0000] "POST /api/v1/note/createnote HTTP/1.1" 500 139 "-" "PostmanRuntime/7.29.0"

info: ::1 - - [23/Feb/2022:16:45:14 +0000] "POST /api/v1/note/createnote HTTP/1.1" 500 62 "-" "PostmanRuntime/7.29.0"

info: ::1 - - [23/Feb/2022:16:48:54 +0000] "POST /api/v1/note/createnote HTTP/1.1" 500 57 "-" "PostmanRuntime/7.29.0"

info: ::1 - - [23/Feb/2022:16:49:26 +0000] "POST /api/v1/note/createnote HTTP/1.1" 500 103 "-" "PostmanRuntime/7.29.0"

info: ::1 - - [23/Feb/2022:16:50:42 +0000] "POST /api/v1/note/createnote HTTP/1.1" 201 267 "-" "PostmanRuntime/7.29.0"

info: ::1 - - [23/Feb/2022:16:52:32 +0000] "GET /api/v1/note/?_id=621665e25d0cab319cf7b8ef HTTP/1.1" 404 47 "-" "PostmanRuntime/7.29.0"

info: ::1 - - [23/Feb/2022:16:54:59 +0000] "GET /api/v1/note/getnote?_id=621665e25d0cab319cf7b8ef HTTP/1.1" 200 274 "-" "PostmanRuntime/7.29.0"

info: ::1 - - [23/Feb/2022:16:58:02 +0000] "POST /api/v1/note/createnote HTTP/1.1" 201 266 "-" "PostmanRuntime/7.29.0"

info: ::1 - - [23/Feb/2022:16:59:07 +0000] "GET /api/v1/note/getnote?_id=6216679a5d0cab319cf7b8f3 HTTP/1.1" 200 483 "-" "PostmanRuntime/7.29.0"

info: ::1 - - [23/Feb/2022:17:40:00 +0000] "POST /api/v1/note/createnote HTTP/1.1" 500 59 "-" "PostmanRuntime/7.29.0"

